# JRE version: Java(TM) SE Runtime Environment (8.0_111-b14) (build 1.8.0_111-b14)
# Java VM: Java HotSpot(TM) 64-Bit Server VM (25.111-b14 mixed mode windows-amd64 compressed oops)
Heap:
 PSYoungGen      total 57344K, used 43021K [0x00000000ec380000, 0x00000000f1180000, 0x0000000100000000)
  eden space 54784K, 78% used [0x00000000ec380000,0x00000000eed837b0,0x00000000ef900000)
  from space 2560K, 0% used [0x00000000f0200000,0x00000000f0200000,0x00000000f0480000)
  to   space 9216K, 0% used [0x00000000ef900000,0x00000000ef900000,0x00000000f0200000)
 ParOldGen       total 32256K, used 9680K [0x00000000c4a00000, 0x00000000c6980000, 0x00000000ec380000)
  object space 32256K, 30% used [0x00000000c4a00000,0x00000000c5374378,0x00000000c6980000)
 Metaspace       used 28913K, capacity 29408K, committed 29696K, reserved 1075200K
  class space    used 3916K, capacity 4060K, committed 4096K, reserved 1048576K
GC Heap History (10 events):
Event: 10.623 GC heap before
{Heap before GC invocations=4 (full 1):
 PSYoungGen      total 17920K, used 15949K [0x00000000ec380000, 0x00000000ed780000, 0x0000000100000000)
  eden space 15360K, 99% used [0x00000000ec380000,0x00000000ed27c4e8,0x00000000ed280000)
  from space 2560K, 23% used [0x00000000ed500000,0x00000000ed597028,0x00000000ed780000)
  to   space 2560K, 0% used [0x00000000ed280000,0x00000000ed280000,0x00000000ed500000)
 ParOldGen       total 40960K, used 666K [0x00000000c4a00000, 0x00000000c7200000, 0x00000000ec380000)
  object space 40960K, 1% used [0x00000000c4a00000,0x00000000c4aa6880,0x00000000c7200000)
 Metaspace       used 6220K, capacity 6426K, committed 6528K, reserved 1056768K
  class space    used 730K, capacity 809K, committed 896K, reserved 1048576K
Event: 10.624 GC heap after
Heap after GC invocations=4 (full 1):
 PSYoungGen      total 17920K, used 626K [0x00000000ec380000, 0x00000000ee680000, 0x0000000100000000)
  eden space 15360K, 0% used [0x00000000ec380000,0x00000000ec380000,0x00000000ed280000)
  from space 2560K, 24% used [0x00000000ed280000,0x00000000ed31c9a8,0x00000000ed500000)
  to   space 2560K, 0% used [0x00000000ee400000,0x00000000ee400000,0x00000000ee680000)
 ParOldGen       total 40960K, used 674K [0x00000000c4a00000, 0x00000000c7200000, 0x00000000ec380000)
  object space 40960K, 1% used [0x00000000c4a00000,0x00000000c4aa8880,0x00000000c7200000)
 Metaspace       used 6220K, capacity 6426K, committed 6528K, reserved 1056768K
  class space    used 730K, capacity 809K, committed 896K, reserved 1048576K
}
Event: 10.871 GC heap before
{Heap before GC invocations=5 (full 1):
 PSYoungGen      total 17920K, used 15986K [0x00000000ec380000, 0x00000000ee680000, 0x0000000100000000)
  eden space 15360K, 100% used [0x00000000ec380000,0x00000000ed280000,0x00000000ed280000)
  from space 2560K, 24% used [0x00000000ed280000,0x00000000ed31c9a8,0x00000000ed500000)
  to   space 2560K, 0% used [0x00000000ee400000,0x00000000ee400000,0x00000000ee680000)
 ParOldGen       total 40960K, used 674K [0x00000000c4a00000, 0x00000000c7200000, 0x00000000ec380000)
  object space 40960K, 1% used [0x00000000c4a00000,0x00000000c4aa8880,0x00000000c7200000)
 Metaspace       used 8012K, capacity 8222K, committed 8320K, reserved 1056768K
  class space    used 1005K, capacity 1067K, committed 1152K, reserved 1048576K
Event: 10.874 GC heap after
Heap after GC invocations=5 (full 1):
 PSYoungGen      total 33280K, used 2069K [0x00000000ec380000, 0x00000000ee680000, 0x0000000100000000)
  eden space 30720K, 0% used [0x00000000ec380000,0x00000000ec380000,0x00000000ee180000)
  from space 2560K, 80% used [0x00000000ee400000,0x00000000ee605730,0x00000000ee680000)
  to   space 2560K, 0% used [0x00000000ee180000,0x00000000ee180000,0x00000000ee400000)
 ParOldGen       total 40960K, used 682K [0x00000000c4a00000, 0x00000000c7200000, 0x00000000ec380000)
  object space 40960K, 1% used [0x00000000c4a00000,0x00000000c4aaa880,0x00000000c7200000)
 Metaspace       used 8012K, capacity 8222K, committed 8320K, reserved 1056768K
  class space    used 1005K, capacity 1067K, committed 1152K, reserved 1048576K
}
Event: 11.894 GC heap before
{Heap before GC invocations=6 (full 1):
 PSYoungGen      total 33280K, used 32774K [0x00000000ec380000, 0x00000000ee680000, 0x0000000100000000)
  eden space 30720K, 99% used [0x00000000ec380000,0x00000000ee17c238,0x00000000ee180000)
  from space 2560K, 80% used [0x00000000ee400000,0x00000000ee605730,0x00000000ee680000)
  to   space 2560K, 0% used [0x00000000ee180000,0x00000000ee180000,0x00000000ee400000)
 ParOldGen       total 40960K, used 682K [0x00000000c4a00000, 0x00000000c7200000, 0x00000000ec380000)
  object space 40960K, 1% used [0x00000000c4a00000,0x00000000c4aaa880,0x00000000c7200000)
 Metaspace       used 16510K, capacity 16826K, committed 17152K, reserved 1064960K
  class space    used 2201K, capacity 2282K, committed 2304K, reserved 1048576K
Event: 11.914 GC heap after
Heap after GC invocations=6 (full 1):
 PSYoungGen      total 33280K, used 2528K [0x00000000ec380000, 0x00000000f0480000, 0x0000000100000000)
  eden space 30720K, 0% used [0x00000000ec380000,0x00000000ec380000,0x00000000ee180000)
  from space 2560K, 98% used [0x00000000ee180000,0x00000000ee3f8010,0x00000000ee400000)
  to   space 2560K, 0% used [0x00000000f0200000,0x00000000f0200000,0x00000000f0480000)
 ParOldGen       total 40960K, used 6296K [0x00000000c4a00000, 0x00000000c7200000, 0x00000000ec380000)
  object space 40960K, 15% used [0x00000000c4a00000,0x00000000c50263d8,0x00000000c7200000)
 Metaspace       used 16510K, capacity 16826K, committed 17152K, reserved 1064960K
  class space    used 2201K, capacity 2282K, committed 2304K, reserved 1048576K
}
Event: 12.790 GC heap before
{Heap before GC invocations=7 (full 1):
 PSYoungGen      total 33280K, used 29911K [0x00000000ec380000, 0x00000000f0480000, 0x0000000100000000)
  eden space 30720K, 89% used [0x00000000ec380000,0x00000000ede3dd88,0x00000000ee180000)
  from space 2560K, 98% used [0x00000000ee180000,0x00000000ee3f8010,0x00000000ee400000)
  to   space 2560K, 0% used [0x00000000f0200000,0x00000000f0200000,0x00000000f0480000)
 ParOldGen       total 40960K, used 6296K [0x00000000c4a00000, 0x00000000c7200000, 0x00000000ec380000)
  object space 40960K, 15% used [0x00000000c4a00000,0x00000000c50263d8,0x00000000c7200000)
 Metaspace       used 20713K, capacity 21122K, committed 21296K, reserved 1067008K
  class space    used 2738K, capacity 2875K, committed 2944K, reserved 1048576K
Event: 12.798 GC heap after
Heap after GC invocations=7 (full 1):
 PSYoungGen      total 57344K, used 2528K [0x00000000ec380000, 0x00000000f1180000, 0x0000000100000000)
  eden space 54784K, 0% used [0x00000000ec380000,0x00000000ec380000,0x00000000ef900000)
  from space 2560K, 98% used [0x00000000f0200000,0x00000000f0478020,0x00000000f0480000)
  to   space 9216K, 0% used [0x00000000ef900000,0x00000000ef900000,0x00000000f0200000)
 ParOldGen       total 40960K, used 11454K [0x00000000c4a00000, 0x00000000c7200000, 0x00000000ec380000)
  object space 40960K, 27% used [0x00000000c4a00000,0x00000000c552fbf0,0x00000000c7200000)
 Metaspace       used 20713K, capacity 21122K, committed 21296K, reserved 1067008K
  class space    used 2738K, capacity 2875K, committed 2944K, reserved 1048576K
}
Event: 12.798 GC heap before
{Heap before GC invocations=8 (full 2):
 PSYoungGen      total 57344K, used 2528K [0x00000000ec380000, 0x00000000f1180000, 0x0000000100000000)
  eden space 54784K, 0% used [0x00000000ec380000,0x00000000ec380000,0x00000000ef900000)
  from space 2560K, 98% used [0x00000000f0200000,0x00000000f0478020,0x00000000f0480000)
  to   space 9216K, 0% used [0x00000000ef900000,0x00000000ef900000,0x00000000f0200000)
 ParOldGen       total 40960K, used 11454K [0x00000000c4a00000, 0x00000000c7200000, 0x00000000ec380000)
  object space 40960K, 27% used [0x00000000c4a00000,0x00000000c552fbf0,0x00000000c7200000)
 Metaspace       used 20713K, capacity 21122K, committed 21296K, reserved 1067008K
  class space    used 2738K, capacity 2875K, committed 2944K, reserved 1048576K
Event: 12.829 GC heap after
Heap after GC invocations=8 (full 2):
 PSYoungGen      total 57344K, used 0K [0x00000000ec380000, 0x00000000f1180000, 0x0000000100000000)
  eden space 54784K, 0% used [0x00000000ec380000,0x00000000ec380000,0x00000000ef900000)
  from space 2560K, 0% used [0x00000000f0200000,0x00000000f0200000,0x00000000f0480000)
  to   space 9216K, 0% used [0x00000000ef900000,0x00000000ef900000,0x00000000f0200000)
 ParOldGen       total 32256K, used 9680K [0x00000000c4a00000, 0x00000000c6980000, 0x00000000ec380000)
  object space 32256K, 30% used [0x00000000c4a00000,0x00000000c5374378,0x00000000c6980000)
 Metaspace       used 20713K, capacity 21122K, committed 21296K, reserved 1067008K
  class space    used 2738K, capacity 2875K, committed 2944K, reserved 1048576K
}

